  MyForm.cpp
c:\users\arnold\documents\visual studio 2015\projects\faceproject\faceproject\MyForm.h(370): warning C4267: 'argument': conversion from 'size_t' to 'int', possible loss of data
c:\users\arnold\documents\visual studio 2015\projects\faceproject\faceproject\MyForm.h(371): warning C4244: 'argument': conversion from 'int' to 'float', possible loss of data
MyForm.cpp(7): warning C4829: Possibly incorrect parameters to function main. Consider 'int main(Platform::Array<Platform::String^>^ argv)'
d:\opencv\build\include\opencv2\core\cvstd.hpp(599): warning C4793: 'cv::String::String': function compiled as native:
  	Found an intrinsic not supported in managed code
d:\opencv\build\include\opencv2\core\mat.inl.hpp(392): warning C4793: 'cv::Mat::Mat': function compiled as native:
  	Found an intrinsic not supported in managed code
d:\opencv\build\include\opencv2\core\mat.inl.hpp(681): warning C4793: 'cv::Mat::release': function compiled as native:
  	Found an intrinsic not supported in managed code
d:\opencv\build\include\opencv2\core\mat.inl.hpp(1872): warning C4793: 'cv::SparseMat::addref': function compiled as native:
  	Found an intrinsic not supported in managed code
d:\opencv\build\include\opencv2\core\mat.inl.hpp(3473): warning C4793: 'cv::UMat::addref': function compiled as native:
  	Found an intrinsic not supported in managed code
d:\opencv\build\include\opencv2\core\ptr.inl.hpp(67): warning C4793: 'cv::detail::PtrOwner::incRef': function compiled as native:
  	Found an intrinsic not supported in managed code
d:\opencv\build\include\opencv2\core\ptr.inl.hpp(72): warning C4793: 'cv::detail::PtrOwner::decRef': function compiled as native:
  	Found an intrinsic not supported in managed code
  MyForm.obj : /DEBUG:FASTLINK is not supported when managed code is present; restarting link with /DEBUG:FULL
MyForm.obj : warning LNK4248: unresolved typeref token (01000030) for 'CvCapture'; image may not run
  FaceProject.vcxproj -> C:\Users\Arnold\documents\visual studio 2015\Projects\FaceProject\x64\Debug\FaceProject.exe
  FaceProject.vcxproj -> C:\Users\Arnold\documents\visual studio 2015\Projects\FaceProject\x64\Debug\FaceProject.pdb (Partial PDB)
